2019-08-27 09:31:12,577 INFO com.example.loldashboard.LoldashboardApplication [main] Starting LoldashboardApplication on AL00000052 with PID 11636 (C:\LolDashBoard\teahwan.kim_2nd\lolDashBoard\build\classes\java\main started by USER in C:\LolDashBoard\teahwan.kim_2nd\lolDashBoard)
2019-08-27 09:31:12,593 INFO com.example.loldashboard.LoldashboardApplication [main] The following profiles are active: local
2019-08-27 09:31:15,299 INFO org.springframework.boot.web.embedded.tomcat.TomcatWebServer [main] Tomcat initialized with port(s): 1028 (http)
2019-08-27 09:31:15,346 INFO org.apache.catalina.core.StandardService [main] Starting service [Tomcat]
2019-08-27 09:31:15,346 INFO org.apache.catalina.core.StandardEngine [main] Starting Servlet engine: [Apache Tomcat/9.0.22]
2019-08-27 09:31:15,940 INFO org.apache.catalina.core.ContainerBase.[Tomcat].[localhost].[/] [main] Initializing Spring embedded WebApplicationContext
2019-08-27 09:31:15,940 INFO org.springframework.web.context.ContextLoader [main] Root WebApplicationContext: initialization completed in 3254 ms
2019-08-27 09:31:17,258 INFO org.springframework.scheduling.concurrent.ThreadPoolTaskExecutor [main] Initializing ExecutorService 'applicationTaskExecutor'
2019-08-27 09:31:18,086 INFO org.springframework.boot.web.embedded.tomcat.TomcatWebServer [main] Tomcat started on port(s): 1028 (http) with context path ''
2019-08-27 09:31:18,242 INFO com.example.loldashboard.LoldashboardApplication [main] Started LoldashboardApplication in 6.678 seconds (JVM running for 10.979)
2019-08-27 09:31:19,247 INFO com.example.loldashboard.service.GamesSender [pool-4-thread-1] Call Api Scheduled  : 5
2019-08-27 09:31:19,293 INFO org.springframework.amqp.rabbit.connection.CachingConnectionFactory [pool-4-thread-1] Attempting to connect to: [106.10.51.123:5672]
2019-08-27 09:31:19,418 INFO org.springframework.amqp.rabbit.connection.CachingConnectionFactory [pool-4-thread-1] Created new connection: rabbitConnectionFactory#33d05366:0/SimpleConnection@2d803c60 [delegate=amqp://admin@106.10.51.123:5672/, localPort= 58027]
2019-08-27 09:31:49,738 INFO com.example.loldashboard.service.GamesSender [pool-4-thread-1] Call Api Scheduled  : 5
2019-08-27 09:32:20,140 INFO com.example.loldashboard.service.GamesSender [pool-4-thread-1] Call Api Scheduled  : 5
2019-08-27 09:32:50,331 INFO com.example.loldashboard.service.GamesSender [pool-4-thread-1] Call Api Scheduled  : 5
2019-08-27 09:33:20,639 INFO com.example.loldashboard.service.GamesSender [pool-4-thread-1] Call Api Scheduled  : 5
2019-08-27 09:33:50,831 INFO com.example.loldashboard.service.GamesSender [pool-4-thread-1] Call Api Scheduled  : 5
2019-08-27 09:34:21,152 INFO com.example.loldashboard.service.GamesSender [pool-4-thread-1] Call Api Scheduled  : 5
2019-08-27 09:34:51,362 INFO com.example.loldashboard.service.GamesSender [pool-4-thread-1] Call Api Scheduled  : 5
2019-08-27 09:35:21,776 INFO com.example.loldashboard.service.GamesSender [pool-4-thread-1] Call Api Scheduled  : 5
2019-08-27 09:35:51,957 INFO com.example.loldashboard.service.GamesSender [pool-4-thread-1] Call Api Scheduled  : 5
2019-08-27 09:46:22,332 INFO com.example.loldashboard.LoldashboardApplication [main] Starting LoldashboardApplication on AL00000052 with PID 13944 (C:\LolDashBoard\teahwan.kim_2nd\lolDashBoard\build\classes\java\main started by USER in C:\LolDashBoard\teahwan.kim_2nd\lolDashBoard)
2019-08-27 09:46:22,340 INFO com.example.loldashboard.LoldashboardApplication [main] The following profiles are active: local
2019-08-27 09:46:26,602 INFO org.springframework.boot.web.embedded.tomcat.TomcatWebServer [main] Tomcat initialized with port(s): 1028 (http)
2019-08-27 09:46:26,674 INFO org.apache.catalina.core.StandardService [main] Starting service [Tomcat]
2019-08-27 09:46:26,676 INFO org.apache.catalina.core.StandardEngine [main] Starting Servlet engine: [Apache Tomcat/9.0.22]
2019-08-27 09:46:27,520 INFO org.apache.catalina.core.ContainerBase.[Tomcat].[localhost].[/] [main] Initializing Spring embedded WebApplicationContext
2019-08-27 09:46:27,521 INFO org.springframework.web.context.ContextLoader [main] Root WebApplicationContext: initialization completed in 4997 ms
2019-08-27 09:46:28,891 INFO org.springframework.scheduling.concurrent.ThreadPoolTaskExecutor [main] Initializing ExecutorService 'applicationTaskExecutor'
2019-08-27 09:46:30,879 INFO org.springframework.boot.web.embedded.tomcat.TomcatWebServer [main] Tomcat started on port(s): 1028 (http) with context path ''
2019-08-27 09:46:30,887 INFO com.example.loldashboard.LoldashboardApplication [main] Started LoldashboardApplication in 11.068 seconds (JVM running for 16.537)
2019-08-27 09:46:32,987 INFO com.example.loldashboard.service.GamesSender [pool-3-thread-1] Call Api Scheduled  : 5
2019-08-27 09:46:33,052 INFO org.springframework.amqp.rabbit.connection.CachingConnectionFactory [pool-3-thread-1] Attempting to connect to: [106.10.51.123:5672]
2019-08-27 09:46:33,274 INFO org.springframework.amqp.rabbit.connection.CachingConnectionFactory [pool-3-thread-1] Created new connection: rabbitConnectionFactory#36dce7ed:0/SimpleConnection@57196010 [delegate=amqp://admin@106.10.51.123:5672/, localPort= 58685]
2019-08-27 09:47:03,588 INFO com.example.loldashboard.service.GamesSender [pool-3-thread-1] Call Api Scheduled  : 5
2019-08-27 09:47:33,956 INFO com.example.loldashboard.service.GamesSender [pool-3-thread-1] Call Api Scheduled  : 5
2019-08-27 10:03:58,140 INFO com.example.loldashboard.LoldashboardApplication [main] Starting LoldashboardApplication on AL00000052 with PID 7808 (C:\LolDashBoard\teahwan.kim_2nd\lolDashBoard\build\classes\java\main started by USER in C:\LolDashBoard\teahwan.kim_2nd\lolDashBoard)
2019-08-27 10:03:58,146 INFO com.example.loldashboard.LoldashboardApplication [main] The following profiles are active: local
2019-08-27 10:04:01,051 INFO org.springframework.boot.web.embedded.tomcat.TomcatWebServer [main] Tomcat initialized with port(s): 1028 (http)
2019-08-27 10:04:01,112 INFO org.apache.catalina.core.StandardService [main] Starting service [Tomcat]
2019-08-27 10:04:01,112 INFO org.apache.catalina.core.StandardEngine [main] Starting Servlet engine: [Apache Tomcat/9.0.22]
2019-08-27 10:04:01,526 INFO org.apache.catalina.core.ContainerBase.[Tomcat].[localhost].[/] [main] Initializing Spring embedded WebApplicationContext
2019-08-27 10:04:01,527 INFO org.springframework.web.context.ContextLoader [main] Root WebApplicationContext: initialization completed in 3309 ms
2019-08-27 10:04:02,815 INFO org.springframework.scheduling.concurrent.ThreadPoolTaskExecutor [main] Initializing ExecutorService 'applicationTaskExecutor'
2019-08-27 10:04:03,855 INFO org.springframework.boot.web.embedded.tomcat.TomcatWebServer [main] Tomcat started on port(s): 1028 (http) with context path ''
2019-08-27 10:04:03,870 INFO com.example.loldashboard.LoldashboardApplication [main] Started LoldashboardApplication in 6.726 seconds (JVM running for 11.544)
2019-08-27 10:04:04,874 INFO com.example.loldashboard.service.GamesSender [pool-3-thread-1] Call Api Scheduled  : 5
2019-08-27 10:04:04,939 INFO org.springframework.amqp.rabbit.connection.CachingConnectionFactory [pool-3-thread-1] Attempting to connect to: [106.10.51.123:5672]
2019-08-27 10:04:05,021 INFO org.springframework.amqp.rabbit.connection.CachingConnectionFactory [pool-3-thread-1] Created new connection: rabbitConnectionFactory#7bd69e82:0/SimpleConnection@748bf4b5 [delegate=amqp://admin@106.10.51.123:5672/, localPort= 59268]
2019-08-27 10:04:35,299 INFO com.example.loldashboard.service.GamesSender [pool-3-thread-1] Call Api Scheduled  : 5
2019-08-27 10:05:05,584 INFO com.example.loldashboard.service.GamesSender [pool-3-thread-1] Call Api Scheduled  : 5
2019-08-27 10:05:35,796 INFO com.example.loldashboard.service.GamesSender [pool-3-thread-1] Call Api Scheduled  : 5
2019-08-27 10:06:06,132 INFO com.example.loldashboard.service.GamesSender [pool-3-thread-1] Call Api Scheduled  : 5
2019-08-27 10:06:36,334 INFO com.example.loldashboard.service.GamesSender [pool-3-thread-1] Call Api Scheduled  : 5
2019-08-27 10:07:06,667 INFO com.example.loldashboard.service.GamesSender [pool-3-thread-1] Call Api Scheduled  : 5
2019-08-27 10:07:36,850 INFO com.example.loldashboard.service.GamesSender [pool-3-thread-1] Call Api Scheduled  : 5
2019-08-27 10:08:07,175 INFO com.example.loldashboard.service.GamesSender [pool-3-thread-1] Call Api Scheduled  : 5
2019-08-27 10:08:37,378 INFO com.example.loldashboard.service.GamesSender [pool-3-thread-1] Call Api Scheduled  : 5
